d:\tmp\tmp_proc\debug\vc142.pdb
d:\tmp\tmp_proc\debug\vc142.idb
d:\tmp\tmp_proc\debug\cartoon_out.obj
d:\tmp\tmp_proc\debug\cartoon_in.obj
d:\tmp\tmp_proc\debug\main.obj
d:\tmp\tmp_proc\debug\movie_out.obj
d:\tmp\tmp_proc\debug\movie_in.obj
d:\tmp\tmp_proc\debug\fiction_out.obj
d:\tmp\tmp_proc\debug\fiction_in.obj
d:\tmp\tmp_proc\debug\documentary_out.obj
d:\tmp\tmp_proc\debug\documentary_in.obj
d:\tmp\tmp_proc\debug\container_out.obj
d:\tmp\tmp_proc\debug\container_in.obj
d:\tmp\tmp_proc\debug\container_constr.obj
d:\tmp\tmp_proc\debug\tmp_proc.ilk
d:\tmp\tmp_proc\debug\tmp_proc.exe
d:\tmp\tmp_proc\debug\tmp_proc.pdb
d:\tmp\tmp_proc\debug\tmp_proc.tlog\cl.command.1.tlog
d:\tmp\tmp_proc\debug\tmp_proc.tlog\cl.read.1.tlog
d:\tmp\tmp_proc\debug\tmp_proc.tlog\cl.write.1.tlog
d:\tmp\tmp_proc\debug\tmp_proc.tlog\link.command.1.tlog
d:\tmp\tmp_proc\debug\tmp_proc.tlog\link.read.1.tlog
d:\tmp\tmp_proc\debug\tmp_proc.tlog\link.write.1.tlog
